July-08 11:27:04.598 [main] DEBUG nextflow.cli.Launcher - $> nextflow run workflow/AMRScan_patched.nf --input 'data/*.fna' --outdir results --evalue 1e-10 --threads 8 --min_quality 25
July-08 11:27:04.629 [main] DEBUG nextflow.cli.CmdRun - N E X T F L O W  ~  version 25.04.6
July-08 11:27:04.643 [main] DEBUG nextflow.plugin.PluginsFacade - Setting up plugin manager > mode=prod; embedded=false; plugins-dir=/Users/kl/.nextflow/plugins; core-plugins: nf-amazon@2.15.0,nf-azure@1.16.0,nf-cloudcache@0.4.3,nf-codecommit@0.2.3,nf-console@1.2.1,nf-google@1.21.1,nf-k8s@1.0.0,nf-tower@1.11.4,nf-wave@1.12.1
July-08 11:27:04.663 [main] INFO  o.pf4j.DefaultPluginStatusProvider - Enabled plugins: []
July-08 11:27:04.664 [main] INFO  o.pf4j.DefaultPluginStatusProvider - Disabled plugins: []
July-08 11:27:04.665 [main] INFO  org.pf4j.DefaultPluginManager - PF4J version 3.12.0 in 'deployment' mode
July-08 11:27:04.670 [main] INFO  org.pf4j.AbstractPluginManager - No plugins
July-08 11:27:04.676 [main] DEBUG nextflow.scm.ProviderConfig - Using SCM config path: /Users/kl/.nextflow/scm
July-08 11:27:04.679 [main] DEBUG nextflow.scm.AssetManager - Listing projects in folder: /Users/kl/.nextflow/assets
July-08 11:27:04.691 [main] DEBUG nextflow.scm.RepositoryFactory - Found Git repository result: [RepositoryFactory]
July-08 11:27:04.694 [main] INFO  nextflow.cli.CmdRun - Pulling nextflow-io/workflow ...
July-08 11:27:04.695 [main] DEBUG nextflow.scm.RepositoryProvider - Request [credentials -:-] -> https://api.github.com/repos/nextflow-io/workflow/contents/AMRScan_patched.nf
July-08 11:27:05.149 [main] DEBUG nextflow.scm.RepositoryProvider - Response status: 404 -- {"message":"Not Found","documentation_url":"https://docs.github.com/rest","status":"404"}
July-08 11:27:05.161 [main] DEBUG nextflow.cli.Launcher - Operation aborted
nextflow.exception.AbortOperationException: Remote resource not found: https://api.github.com/repos/nextflow-io/workflow/contents/AMRScan_patched.nf
	at nextflow.scm.RepositoryProvider.checkResponse(RepositoryProvider.groovy:252)
	at nextflow.scm.RepositoryProvider.invoke(RepositoryProvider.groovy:193)
	at nextflow.scm.RepositoryProvider.memoizedMethodPriv$invokeAndParseResponseString(RepositoryProvider.groovy:301)
	at java.base/jdk.internal.reflect.DirectMethodHandleAccessor.invoke(DirectMethodHandleAccessor.java:104)
	at java.base/java.lang.reflect.Method.invoke(Method.java:565)
	at org.codehaus.groovy.reflection.CachedMethod.invoke(CachedMethod.java:343)
	at groovy.lang.MetaMethod.doMethodInvoke(MetaMethod.java:328)
	at groovy.lang.MetaClassImpl.doInvokeMethod(MetaClassImpl.java:1333)
	at groovy.lang.MetaClassImpl.invokeMethod(MetaClassImpl.java:1088)
	at groovy.lang.MetaClassImpl.invokeMethod(MetaClassImpl.java:1007)
	at org.codehaus.groovy.runtime.InvokerHelper.invokePogoMethod(InvokerHelper.java:645)
	at org.codehaus.groovy.runtime.InvokerHelper.invokeMethod(InvokerHelper.java:628)
	at org.codehaus.groovy.runtime.InvokerHelper.invokeMethodSafe(InvokerHelper.java:82)
	at nextflow.scm.RepositoryProvider$_closure3.doCall(RepositoryProvider.groovy)
	at java.base/jdk.internal.reflect.DirectMethodHandleAccessor.invoke(DirectMethodHandleAccessor.java:104)
	at java.base/java.lang.reflect.Method.invoke(Method.java:565)
	at org.codehaus.groovy.reflection.CachedMethod.invoke(CachedMethod.java:343)
	at groovy.lang.MetaMethod.doMethodInvoke(MetaMethod.java:328)
	at org.codehaus.groovy.runtime.metaclass.ClosureMetaClass.invokeMethod(ClosureMetaClass.java:280)
	at groovy.lang.MetaClassImpl.invokeMethod(MetaClassImpl.java:1007)
	at groovy.lang.Closure.call(Closure.java:433)
	at org.codehaus.groovy.runtime.memoize.Memoize$MemoizeFunction.lambda$call$0(Memoize.java:137)
	at org.codehaus.groovy.runtime.memoize.ConcurrentCommonCache.getAndPut(ConcurrentCommonCache.java:137)
	at org.codehaus.groovy.runtime.memoize.ConcurrentCommonCache.getAndPut(ConcurrentCommonCache.java:113)
	at org.codehaus.groovy.runtime.memoize.Memoize$MemoizeFunction.call(Memoize.java:136)
	at groovy.lang.Closure.call(Closure.java:422)
	at nextflow.scm.RepositoryProvider.invokeAndParseResponse(RepositoryProvider.groovy)
	at nextflow.scm.GithubRepositoryProvider.readBytes(GithubRepositoryProvider.groovy:117)
	at nextflow.scm.RepositoryProvider.validateFor(RepositoryProvider.groovy:328)
	at nextflow.scm.AssetManager.checkValidRemoteRepo(AssetManager.groovy:374)
	at nextflow.scm.AssetManager.download(AssetManager.groovy:591)
	at nextflow.cli.CmdRun.getScriptFile0(CmdRun.groovy:591)
	at nextflow.cli.CmdRun.getScriptFile(CmdRun.groovy:524)
	at nextflow.cli.CmdRun.run(CmdRun.groovy:326)
	at nextflow.cli.Launcher.run(Launcher.groovy:513)
	at nextflow.cli.Launcher.main(Launcher.groovy:673)
